<?xml version="1.0" encoding="UTF-8"?>
<!-- Generated by org.testng.reporters.JUnitXMLReporter -->
<testsuite ignored="0" hostname="LAPTOP-Q08K87KM" failures="0" tests="2" name="TestRunner1" time="48.625" errors="0" timestamp="2022-03-03T12:15:16 IST">
  <testcase classname="com.crm.OrgananizationTests.CreateOrgWithIndTests" name="createOrgWithIndTest" time="20.422"/>
  <testcase classname="com.crm.OrgananizationTests.CreateOrganizationTest" name="createOrganizationTest" time="17.443"/>
</testsuite> <!-- TestRunner1 -->
