<?xml version="1.0" encoding="UTF-8"?>
<!-- Generated by org.testng.reporters.JUnitXMLReporter -->
<testsuite ignored="0" hostname="LAPTOP-Q08K87KM" failures="0" tests="2" name="Test Runner-firefox" time="98.854" errors="0" timestamp="2022-03-03T12:54:12 IST">
  <testcase classname="com.crm.CreateProductTests.CreateContactWithCampaignTests" name="createContactWithCampaignTests" time="70.442"/>
  <testcase classname="com.crm.OrgananizationTests.CreateOrgWithIndTests" name="createOrgWithIndTest" time="28.293"/>
</testsuite> <!-- Test Runner-firefox -->
