<?xml version="1.0" encoding="UTF-8"?>
<!-- Generated by org.testng.reporters.JUnitXMLReporter -->
<testsuite ignored="0" hostname="LAPTOP-Q08K87KM" failures="0" tests="2" name="TestRunner2" time="59.976" errors="0" timestamp="2022-03-03T12:15:28 IST">
  <testcase classname="com.crm.CreateProductTests.CreateContactWithCampaignTests" name="createContactWithCampaignTests" time="34.507"/>
  <testcase classname="com.crm.ContactTests.CreateContactsLinksTests" name="createOrgTest" time="14.258"/>
</testsuite> <!-- TestRunner2 -->
