<?xml version="1.0" encoding="UTF-8"?>
<!-- Generated by org.testng.reporters.JUnitXMLReporter -->
<testsuite ignored="0" hostname="LAPTOP-Q08K87KM" failures="0" tests="2" name="Test Runner-chrome" time="98.42" errors="0" timestamp="2022-03-03T12:54:11 IST">
  <testcase classname="com.crm.CreateProductTests.CreateContactWithCampaignTests" name="createContactWithCampaignTests" time="68.921"/>
  <testcase classname="com.crm.OrgananizationTests.CreateOrgWithIndTests" name="createOrgWithIndTest" time="29.387"/>
</testsuite> <!-- Test Runner-chrome -->
